[31-Aug-2021 17:50:38] NOTICE: fpm is running, pid 40441
[31-Aug-2021 17:50:38] NOTICE: ready to handle connections
[31-Aug-2021 17:51:52] ERROR: Another FPM instance seems to already listen on /home/jonathan/.config/Local/run/MKICFfHyw/php/php-fpm.socket
[31-Aug-2021 17:51:52] ERROR: FPM initialization failed
[31-Aug-2021 17:51:53] ERROR: Another FPM instance seems to already listen on /home/jonathan/.config/Local/run/MKICFfHyw/php/php-fpm.socket
[31-Aug-2021 17:51:53] ERROR: FPM initialization failed
[31-Aug-2021 17:51:53] ERROR: Another FPM instance seems to already listen on /home/jonathan/.config/Local/run/MKICFfHyw/php/php-fpm.socket
[31-Aug-2021 17:51:53] ERROR: FPM initialization failed
[31-Aug-2021 17:51:54] ERROR: Another FPM instance seems to already listen on /home/jonathan/.config/Local/run/MKICFfHyw/php/php-fpm.socket
[31-Aug-2021 17:51:54] ERROR: FPM initialization failed
[31-Aug-2021 20:43:06] NOTICE: Terminating ...
[31-Aug-2021 20:43:06] NOTICE: exiting, bye-bye!
[01-Sep-2021 17:57:30] NOTICE: fpm is running, pid 30464
[01-Sep-2021 17:57:30] NOTICE: ready to handle connections
[01-Sep-2021 18:09:27] NOTICE: Terminating ...
[01-Sep-2021 18:09:27] NOTICE: exiting, bye-bye!
[01-Sep-2021 18:39:28] NOTICE: fpm is running, pid 8058
[01-Sep-2021 18:39:28] NOTICE: ready to handle connections
[01-Sep-2021 20:41:38] NOTICE: Terminating ...
[01-Sep-2021 20:41:38] NOTICE: exiting, bye-bye!
[02-Sep-2021 17:03:58] NOTICE: fpm is running, pid 8242
[02-Sep-2021 17:03:58] NOTICE: ready to handle connections
[02-Sep-2021 19:10:14] NOTICE: Terminating ...
[02-Sep-2021 19:10:14] NOTICE: exiting, bye-bye!
[03-Sep-2021 17:07:47] NOTICE: fpm is running, pid 8826
[03-Sep-2021 17:07:47] NOTICE: ready to handle connections
[03-Sep-2021 22:43:29] NOTICE: Terminating ...
[03-Sep-2021 22:43:29] NOTICE: exiting, bye-bye!
[06-Sep-2021 16:58:44] NOTICE: fpm is running, pid 11602
[06-Sep-2021 16:58:44] NOTICE: ready to handle connections
[06-Sep-2021 21:36:11] NOTICE: Terminating ...
[06-Sep-2021 21:36:11] NOTICE: exiting, bye-bye!
[07-Sep-2021 17:37:44] NOTICE: fpm is running, pid 8369
[07-Sep-2021 17:37:44] NOTICE: ready to handle connections
[07-Sep-2021 21:15:35] NOTICE: Terminating ...
[07-Sep-2021 21:15:35] NOTICE: exiting, bye-bye!
[08-Sep-2021 17:04:03] NOTICE: fpm is running, pid 37468
[08-Sep-2021 17:04:03] NOTICE: ready to handle connections
[08-Sep-2021 21:27:18] NOTICE: Terminating ...
[08-Sep-2021 21:27:18] NOTICE: exiting, bye-bye!
[10-Sep-2021 18:07:56] NOTICE: fpm is running, pid 8508
[10-Sep-2021 18:07:56] NOTICE: ready to handle connections
[10-Sep-2021 22:37:25] NOTICE: Terminating ...
[10-Sep-2021 22:37:25] NOTICE: exiting, bye-bye!
[12-Sep-2021 17:13:58] NOTICE: fpm is running, pid 21754
[12-Sep-2021 17:13:58] NOTICE: ready to handle connections
[12-Sep-2021 21:26:56] NOTICE: Terminating ...
[12-Sep-2021 21:26:56] NOTICE: exiting, bye-bye!
[13-Sep-2021 17:11:03] NOTICE: fpm is running, pid 8840
[13-Sep-2021 17:11:03] NOTICE: ready to handle connections
[13-Sep-2021 17:11:15] ERROR: Another FPM instance seems to already listen on /home/jonathan/.config/Local/run/MKICFfHyw/php/php-fpm.socket
[13-Sep-2021 17:11:15] ERROR: FPM initialization failed
[13-Sep-2021 17:11:16] ERROR: Another FPM instance seems to already listen on /home/jonathan/.config/Local/run/MKICFfHyw/php/php-fpm.socket
[13-Sep-2021 17:11:16] ERROR: FPM initialization failed
[13-Sep-2021 17:11:16] ERROR: Another FPM instance seems to already listen on /home/jonathan/.config/Local/run/MKICFfHyw/php/php-fpm.socket
[13-Sep-2021 17:11:16] ERROR: FPM initialization failed
[13-Sep-2021 17:11:17] ERROR: Another FPM instance seems to already listen on /home/jonathan/.config/Local/run/MKICFfHyw/php/php-fpm.socket
[13-Sep-2021 17:11:17] ERROR: FPM initialization failed
[13-Sep-2021 20:41:25] NOTICE: Terminating ...
[13-Sep-2021 20:41:25] NOTICE: exiting, bye-bye!
[16-Sep-2021 17:37:10] NOTICE: fpm is running, pid 56413
[16-Sep-2021 17:37:10] NOTICE: ready to handle connections
[16-Sep-2021 21:16:04] NOTICE: Terminating ...
[16-Sep-2021 21:16:04] NOTICE: exiting, bye-bye!
[17-Sep-2021 18:13:23] NOTICE: fpm is running, pid 8960
[17-Sep-2021 18:13:23] NOTICE: ready to handle connections
[17-Sep-2021 21:01:41] NOTICE: Terminating ...
[17-Sep-2021 21:01:41] NOTICE: exiting, bye-bye!
[21-Sep-2021 17:07:33] NOTICE: fpm is running, pid 21745
[21-Sep-2021 17:07:33] NOTICE: ready to handle connections
[21-Sep-2021 20:27:03] NOTICE: Terminating ...
[21-Sep-2021 20:27:03] NOTICE: exiting, bye-bye!
[22-Sep-2021 17:31:05] NOTICE: fpm is running, pid 12365
[22-Sep-2021 17:31:05] NOTICE: ready to handle connections
[22-Sep-2021 21:08:42] NOTICE: Terminating ...
[22-Sep-2021 21:08:42] NOTICE: exiting, bye-bye!
[23-Sep-2021 17:57:15] NOTICE: fpm is running, pid 24663
[23-Sep-2021 17:57:15] NOTICE: ready to handle connections
[23-Sep-2021 21:14:37] NOTICE: Terminating ...
[23-Sep-2021 21:14:37] NOTICE: exiting, bye-bye!
[24-Sep-2021 17:29:03] NOTICE: fpm is running, pid 11612
[24-Sep-2021 17:29:03] NOTICE: ready to handle connections
[24-Sep-2021 20:49:24] NOTICE: Terminating ...
[24-Sep-2021 20:49:24] NOTICE: exiting, bye-bye!
[25-Sep-2021 18:11:31] NOTICE: fpm is running, pid 8820
[25-Sep-2021 18:11:31] NOTICE: ready to handle connections
[25-Sep-2021 20:31:23] NOTICE: Terminating ...
[25-Sep-2021 20:31:23] NOTICE: exiting, bye-bye!
[27-Sep-2021 17:18:30] NOTICE: fpm is running, pid 25595
[27-Sep-2021 17:18:30] NOTICE: ready to handle connections
[27-Sep-2021 22:52:39] NOTICE: Terminating ...
[27-Sep-2021 22:52:39] NOTICE: exiting, bye-bye!
[28-Sep-2021 17:13:10] NOTICE: fpm is running, pid 8562
[28-Sep-2021 17:13:10] NOTICE: ready to handle connections
[28-Sep-2021 20:52:36] NOTICE: Terminating ...
[28-Sep-2021 20:52:36] NOTICE: exiting, bye-bye!
[30-Sep-2021 17:43:59] NOTICE: fpm is running, pid 8821
[30-Sep-2021 17:43:59] NOTICE: ready to handle connections
[30-Sep-2021 22:11:50] NOTICE: Terminating ...
[30-Sep-2021 22:11:50] NOTICE: exiting, bye-bye!
[01-Oct-2021 17:02:29] NOTICE: fpm is running, pid 20965
[01-Oct-2021 17:02:29] NOTICE: ready to handle connections
[01-Oct-2021 18:17:28] NOTICE: fpm is running, pid 7534
[01-Oct-2021 18:17:28] NOTICE: ready to handle connections
[01-Oct-2021 21:26:47] NOTICE: Terminating ...
[01-Oct-2021 21:26:47] NOTICE: exiting, bye-bye!
[02-Oct-2021 17:18:56] NOTICE: fpm is running, pid 16526
[02-Oct-2021 17:18:56] NOTICE: ready to handle connections
[02-Oct-2021 21:31:01] NOTICE: Terminating ...
[02-Oct-2021 21:31:01] NOTICE: exiting, bye-bye!
[04-Oct-2021 18:18:34] NOTICE: fpm is running, pid 21928
[04-Oct-2021 18:18:34] NOTICE: ready to handle connections
[04-Oct-2021 22:26:12] NOTICE: Terminating ...
[04-Oct-2021 22:26:12] NOTICE: exiting, bye-bye!
[05-Oct-2021 17:46:33] NOTICE: fpm is running, pid 18384
[05-Oct-2021 17:46:33] NOTICE: ready to handle connections
[05-Oct-2021 21:20:23] NOTICE: Terminating ...
[05-Oct-2021 21:20:23] NOTICE: exiting, bye-bye!
[07-Oct-2021 18:03:44] NOTICE: fpm is running, pid 27199
[07-Oct-2021 18:03:44] NOTICE: ready to handle connections
[07-Oct-2021 21:56:18] NOTICE: Terminating ...
[07-Oct-2021 21:56:18] NOTICE: exiting, bye-bye!
[09-Oct-2021 19:28:48] NOTICE: fpm is running, pid 9341
[09-Oct-2021 19:28:48] NOTICE: ready to handle connections
[09-Oct-2021 22:49:15] NOTICE: Terminating ...
[09-Oct-2021 22:49:15] NOTICE: exiting, bye-bye!
[11-Oct-2021 17:20:02] NOTICE: fpm is running, pid 17435
[11-Oct-2021 17:20:02] NOTICE: ready to handle connections
[11-Oct-2021 17:55:44] ERROR: Another FPM instance seems to already listen on /home/jonathan/.config/Local/run/MKICFfHyw/php/php-fpm.socket
[11-Oct-2021 17:55:44] ERROR: FPM initialization failed
[11-Oct-2021 17:55:44] ERROR: Another FPM instance seems to already listen on /home/jonathan/.config/Local/run/MKICFfHyw/php/php-fpm.socket
[11-Oct-2021 17:55:44] ERROR: FPM initialization failed
[11-Oct-2021 17:55:45] ERROR: Another FPM instance seems to already listen on /home/jonathan/.config/Local/run/MKICFfHyw/php/php-fpm.socket
[11-Oct-2021 17:55:45] ERROR: FPM initialization failed
[11-Oct-2021 17:55:46] ERROR: Another FPM instance seems to already listen on /home/jonathan/.config/Local/run/MKICFfHyw/php/php-fpm.socket
[11-Oct-2021 17:55:46] ERROR: FPM initialization failed
[11-Oct-2021 20:59:35] NOTICE: Terminating ...
[11-Oct-2021 20:59:35] NOTICE: exiting, bye-bye!
[13-Oct-2021 11:52:52] NOTICE: fpm is running, pid 12390
[13-Oct-2021 11:52:52] NOTICE: ready to handle connections
[13-Oct-2021 15:21:46] NOTICE: Terminating ...
[13-Oct-2021 15:21:46] NOTICE: exiting, bye-bye!
[14-Oct-2021 09:03:53] NOTICE: fpm is running, pid 9952
[14-Oct-2021 09:03:53] NOTICE: ready to handle connections
[14-Oct-2021 21:43:00] NOTICE: Terminating ...
[14-Oct-2021 21:43:00] NOTICE: exiting, bye-bye!
[15-Oct-2021 09:09:29] NOTICE: fpm is running, pid 9180
[15-Oct-2021 09:09:29] NOTICE: ready to handle connections
[15-Oct-2021 11:50:41] NOTICE: Terminating ...
[15-Oct-2021 11:50:41] NOTICE: exiting, bye-bye!
[16-Oct-2021 11:19:44] NOTICE: fpm is running, pid 10110
[16-Oct-2021 11:19:44] NOTICE: ready to handle connections
[16-Oct-2021 15:43:21] NOTICE: Terminating ...
[16-Oct-2021 15:43:21] NOTICE: exiting, bye-bye!
[20-Oct-2021 19:12:35] NOTICE: fpm is running, pid 13997
[20-Oct-2021 19:12:35] NOTICE: ready to handle connections
[20-Oct-2021 22:15:45] NOTICE: Terminating ...
[20-Oct-2021 22:15:45] NOTICE: exiting, bye-bye!
[26-Oct-2021 20:14:41] NOTICE: fpm is running, pid 8735
[26-Oct-2021 20:14:41] NOTICE: ready to handle connections
[26-Oct-2021 21:31:29] NOTICE: Terminating ...
[26-Oct-2021 21:31:29] NOTICE: exiting, bye-bye!
[28-Oct-2021 17:00:52] NOTICE: fpm is running, pid 8653
[28-Oct-2021 17:00:52] NOTICE: ready to handle connections
[28-Oct-2021 21:13:36] NOTICE: Terminating ...
[28-Oct-2021 21:13:36] NOTICE: exiting, bye-bye!
[29-Oct-2021 17:29:50] NOTICE: fpm is running, pid 22562
[29-Oct-2021 17:29:50] NOTICE: ready to handle connections
[29-Oct-2021 22:23:01] NOTICE: Terminating ...
[29-Oct-2021 22:23:01] NOTICE: exiting, bye-bye!
[30-Oct-2021 17:09:46] NOTICE: fpm is running, pid 22906
[30-Oct-2021 17:09:46] NOTICE: ready to handle connections
[30-Oct-2021 22:56:00] NOTICE: Terminating ...
[30-Oct-2021 22:56:00] NOTICE: exiting, bye-bye!
[02-Nov-2021 17:05:44] NOTICE: fpm is running, pid 25405
[02-Nov-2021 17:05:44] NOTICE: ready to handle connections
[02-Nov-2021 22:55:20] NOTICE: Terminating ...
[02-Nov-2021 22:55:20] NOTICE: exiting, bye-bye!
[03-Nov-2021 18:03:26] NOTICE: fpm is running, pid 26995
[03-Nov-2021 18:03:26] NOTICE: ready to handle connections
[03-Nov-2021 23:48:58] NOTICE: Terminating ...
[03-Nov-2021 23:48:58] NOTICE: exiting, bye-bye!
[04-Nov-2021 19:03:22] NOTICE: fpm is running, pid 17976
[04-Nov-2021 19:03:22] NOTICE: ready to handle connections
[04-Nov-2021 23:31:50] NOTICE: Terminating ...
[04-Nov-2021 23:31:51] NOTICE: exiting, bye-bye!
[07-Nov-2021 17:38:31] NOTICE: fpm is running, pid 10121
[07-Nov-2021 17:38:31] NOTICE: ready to handle connections
[07-Nov-2021 22:44:27] NOTICE: Terminating ...
[07-Nov-2021 22:44:27] NOTICE: exiting, bye-bye!
[08-Nov-2021 18:17:02] NOTICE: fpm is running, pid 24137
[08-Nov-2021 18:17:02] NOTICE: ready to handle connections
[08-Nov-2021 18:23:49] ERROR: Another FPM instance seems to already listen on /home/jonathan/.config/Local/run/MKICFfHyw/php/php-fpm.socket
[08-Nov-2021 18:23:49] ERROR: FPM initialization failed
[08-Nov-2021 18:23:49] ERROR: Another FPM instance seems to already listen on /home/jonathan/.config/Local/run/MKICFfHyw/php/php-fpm.socket
[08-Nov-2021 18:23:49] ERROR: FPM initialization failed
[08-Nov-2021 18:23:50] ERROR: Another FPM instance seems to already listen on /home/jonathan/.config/Local/run/MKICFfHyw/php/php-fpm.socket
[08-Nov-2021 18:23:50] ERROR: FPM initialization failed
[08-Nov-2021 18:23:51] ERROR: Another FPM instance seems to already listen on /home/jonathan/.config/Local/run/MKICFfHyw/php/php-fpm.socket
[08-Nov-2021 18:23:51] ERROR: FPM initialization failed
[08-Nov-2021 23:08:11] NOTICE: Terminating ...
[08-Nov-2021 23:08:11] NOTICE: exiting, bye-bye!
[10-Nov-2021 21:46:08] NOTICE: fpm is running, pid 31121
[10-Nov-2021 21:46:08] NOTICE: ready to handle connections
[10-Nov-2021 21:53:34] ERROR: Another FPM instance seems to already listen on /home/jonathan/.config/Local/run/MKICFfHyw/php/php-fpm.socket
[10-Nov-2021 21:53:34] ERROR: FPM initialization failed
[10-Nov-2021 21:53:34] ERROR: Another FPM instance seems to already listen on /home/jonathan/.config/Local/run/MKICFfHyw/php/php-fpm.socket
[10-Nov-2021 21:53:34] ERROR: FPM initialization failed
[10-Nov-2021 21:53:35] ERROR: Another FPM instance seems to already listen on /home/jonathan/.config/Local/run/MKICFfHyw/php/php-fpm.socket
[10-Nov-2021 21:53:35] ERROR: FPM initialization failed
[10-Nov-2021 21:53:36] ERROR: Another FPM instance seems to already listen on /home/jonathan/.config/Local/run/MKICFfHyw/php/php-fpm.socket
[10-Nov-2021 21:53:36] ERROR: FPM initialization failed
[10-Nov-2021 23:09:43] NOTICE: Terminating ...
[10-Nov-2021 23:09:43] NOTICE: exiting, bye-bye!
[11-Nov-2021 17:34:47] NOTICE: fpm is running, pid 23713
[11-Nov-2021 17:34:47] NOTICE: ready to handle connections
[11-Nov-2021 17:36:03] ERROR: Another FPM instance seems to already listen on /home/jonathan/.config/Local/run/MKICFfHyw/php/php-fpm.socket
[11-Nov-2021 17:36:03] ERROR: FPM initialization failed
[11-Nov-2021 17:36:03] ERROR: Another FPM instance seems to already listen on /home/jonathan/.config/Local/run/MKICFfHyw/php/php-fpm.socket
[11-Nov-2021 17:36:03] ERROR: FPM initialization failed
[11-Nov-2021 17:36:04] ERROR: Another FPM instance seems to already listen on /home/jonathan/.config/Local/run/MKICFfHyw/php/php-fpm.socket
[11-Nov-2021 17:36:04] ERROR: FPM initialization failed
[11-Nov-2021 17:36:05] ERROR: Another FPM instance seems to already listen on /home/jonathan/.config/Local/run/MKICFfHyw/php/php-fpm.socket
[11-Nov-2021 17:36:05] ERROR: FPM initialization failed
[11-Nov-2021 23:36:10] NOTICE: Terminating ...
[11-Nov-2021 23:36:10] NOTICE: exiting, bye-bye!
[12-Nov-2021 11:09:19] NOTICE: fpm is running, pid 12841
[12-Nov-2021 11:09:19] NOTICE: ready to handle connections
[12-Nov-2021 22:38:10] NOTICE: Terminating ...
[12-Nov-2021 22:38:10] NOTICE: exiting, bye-bye!
[15-Nov-2021 21:11:59] NOTICE: fpm is running, pid 25736
[15-Nov-2021 21:11:59] NOTICE: ready to handle connections
[15-Nov-2021 23:34:53] NOTICE: Terminating ...
[15-Nov-2021 23:34:53] NOTICE: exiting, bye-bye!
[21-Nov-2021 18:52:28] NOTICE: fpm is running, pid 14042
[21-Nov-2021 18:52:28] NOTICE: ready to handle connections
[21-Nov-2021 23:30:43] NOTICE: Terminating ...
[21-Nov-2021 23:30:43] NOTICE: exiting, bye-bye!
[26-Nov-2021 14:41:57] NOTICE: fpm is running, pid 16928
[26-Nov-2021 14:41:57] NOTICE: ready to handle connections
[26-Nov-2021 23:16:13] NOTICE: Terminating ...
[26-Nov-2021 23:16:13] NOTICE: exiting, bye-bye!
[27-Nov-2021 14:21:20] NOTICE: fpm is running, pid 11053
[27-Nov-2021 14:21:20] NOTICE: ready to handle connections
[28-Nov-2021 00:35:46] NOTICE: Terminating ...
[28-Nov-2021 00:35:46] NOTICE: exiting, bye-bye!
